
Circuit 1 cell sky130_fd_pr__nfet_01v8 and Circuit 2 cell sky130_fd_pr__nfet_01v8 are black boxes.
Warning: Equate pins:  cell sky130_fd_pr__nfet_01v8 is a placeholder, treated as a black box.
Warning: Equate pins:  cell sky130_fd_pr__nfet_01v8 is a placeholder, treated as a black box.

Subcircuit pins:
Circuit 1: sky130_fd_pr__nfet_01v8         |Circuit 2: sky130_fd_pr__nfet_01v8         
-------------------------------------------|-------------------------------------------
1                                          |1                                          
2                                          |2                                          
3                                          |3                                          
4                                          |4                                          
---------------------------------------------------------------------------------------
Cell pin lists are equivalent.
Device classes sky130_fd_pr__nfet_01v8 and sky130_fd_pr__nfet_01v8 are equivalent.

Circuit 1 cell sky130_fd_pr__pfet_01v8 and Circuit 2 cell sky130_fd_pr__pfet_01v8 are black boxes.
Warning: Equate pins:  cell sky130_fd_pr__pfet_01v8 is a placeholder, treated as a black box.
Warning: Equate pins:  cell sky130_fd_pr__pfet_01v8 is a placeholder, treated as a black box.

Subcircuit pins:
Circuit 1: sky130_fd_pr__pfet_01v8         |Circuit 2: sky130_fd_pr__pfet_01v8         
-------------------------------------------|-------------------------------------------
1                                          |1                                          
2                                          |2                                          
3                                          |3                                          
4                                          |4                                          
---------------------------------------------------------------------------------------
Cell pin lists are equivalent.
Device classes sky130_fd_pr__pfet_01v8 and sky130_fd_pr__pfet_01v8 are equivalent.
Flattening unmatched subcell sky130_fd_pr__nfet_01v8_64Z3AY in circuit inverter (0)(1 instance)
Flattening unmatched subcell sky130_fd_pr__pfet_01v8_LGS3BL in circuit inverter (0)(1 instance)

Subcircuit summary:
Circuit 1: inverter                        |Circuit 2: inverter                        
-------------------------------------------|-------------------------------------------
sky130_fd_pr__nfet_01v8 (1)                |sky130_fd_pr__nfet_01v8 (1)                
sky130_fd_pr__pfet_01v8 (1)                |sky130_fd_pr__pfet_01v8 (1)                
Number of devices: 2                       |Number of devices: 2                       
Number of nets: 4                          |Number of nets: 4                          
---------------------------------------------------------------------------------------
Netlists match uniquely.

Subcircuit pins:
Circuit 1: inverter                        |Circuit 2: inverter                        
-------------------------------------------|-------------------------------------------
out                                        |out                                        
in                                         |in                                         
vgnd                                       |vgnd                                       
vvdd                                       |vvdd                                       
---------------------------------------------------------------------------------------
Cell pin lists are equivalent.
Device classes inverter and inverter are equivalent.

Subcircuit summary:
Circuit 1: ring_oscillator                 |Circuit 2: ring_oscillator                 
-------------------------------------------|-------------------------------------------
inverter (3)                               |inverter (3)                               
Number of devices: 3                       |Number of devices: 3                       
Number of nets: 5                          |Number of nets: 5                          
---------------------------------------------------------------------------------------
Resolving symmetries by property value.
Resolving symmetries by pin name.
Netlists match uniquely.

Subcircuit pins:
Circuit 1: ring_oscillator                 |Circuit 2: ring_oscillator                 
-------------------------------------------|-------------------------------------------
out                                        |out                                        
vvdd                                       |vvdd                                       
vgnd                                       |vgnd                                       
---------------------------------------------------------------------------------------
Cell pin lists are equivalent.
Device classes ring_oscillator and ring_oscillator are equivalent.

Final result: Circuits match uniquely.
.
